c:\users\demon\onedrive\documents\msu 24-25 fall\cse 471\new folder\project2-main\project2-main\rotoscope\debug\rotoscope.pch
c:\users\demon\onedrive\documents\msu 24-25 fall\cse 471\new folder\project2-main\project2-main\rotoscope\debug\vc143.pdb
c:\users\demon\onedrive\documents\msu 24-25 fall\cse 471\new folder\project2-main\project2-main\rotoscope\debug\vc143.idb
c:\users\demon\onedrive\documents\msu 24-25 fall\cse 471\new folder\project2-main\project2-main\rotoscope\debug\pch.obj
c:\users\demon\onedrive\documents\msu 24-25 fall\cse 471\new folder\project2-main\project2-main\rotoscope\debug\rotoscopeview.obj
c:\users\demon\onedrive\documents\msu 24-25 fall\cse 471\new folder\project2-main\project2-main\rotoscope\debug\rotoscopedoc.obj
c:\users\demon\onedrive\documents\msu 24-25 fall\cse 471\new folder\project2-main\project2-main\rotoscope\debug\rotoscope.obj
c:\users\demon\onedrive\documents\msu 24-25 fall\cse 471\new folder\project2-main\project2-main\rotoscope\debug\moviesource.obj
c:\users\demon\onedrive\documents\msu 24-25 fall\cse 471\new folder\project2-main\project2-main\rotoscope\debug\moviemake.obj
c:\users\demon\onedrive\documents\msu 24-25 fall\cse 471\new folder\project2-main\project2-main\rotoscope\debug\mainfrm.obj
c:\users\demon\onedrive\documents\msu 24-25 fall\cse 471\new folder\project2-main\project2-main\rotoscope\debug\linedlg.obj
c:\users\demon\onedrive\documents\msu 24-25 fall\cse 471\new folder\project2-main\project2-main\rotoscope\debug\grimage.obj
c:\users\demon\onedrive\documents\msu 24-25 fall\cse 471\new folder\project2-main\project2-main\rotoscope\debug\dirsoundsource.obj
c:\users\demon\onedrive\documents\msu 24-25 fall\cse 471\new folder\project2-main\project2-main\rotoscope\debug\childfrm.obj
c:\users\demon\onedrive\documents\msu 24-25 fall\cse 471\new folder\project2-main\project2-main\debug\rotoscope.exe
c:\users\demon\onedrive\documents\msu 24-25 fall\cse 471\new folder\project2-main\project2-main\debug\rotoscope.pdb
c:\users\demon\onedrive\documents\msu 24-25 fall\cse 471\new folder\project2-main\project2-main\rotoscope\debug\rotoscope.res
c:\users\demon\onedrive\documents\msu 24-25 fall\cse 471\new folder\project2-main\project2-main\rotoscope\debug\rotoscope.ilk
c:\users\demon\onedrive\documents\msu 24-25 fall\cse 471\new folder\project2-main\project2-main\rotoscope\debug\rotoscope.tlog\cl.command.1.tlog
c:\users\demon\onedrive\documents\msu 24-25 fall\cse 471\new folder\project2-main\project2-main\rotoscope\debug\rotoscope.tlog\cl.items.tlog
c:\users\demon\onedrive\documents\msu 24-25 fall\cse 471\new folder\project2-main\project2-main\rotoscope\debug\rotoscope.tlog\cl.read.1.tlog
c:\users\demon\onedrive\documents\msu 24-25 fall\cse 471\new folder\project2-main\project2-main\rotoscope\debug\rotoscope.tlog\cl.write.1.tlog
c:\users\demon\onedrive\documents\msu 24-25 fall\cse 471\new folder\project2-main\project2-main\rotoscope\debug\rotoscope.tlog\link.command.1.tlog
c:\users\demon\onedrive\documents\msu 24-25 fall\cse 471\new folder\project2-main\project2-main\rotoscope\debug\rotoscope.tlog\link.read.1.tlog
c:\users\demon\onedrive\documents\msu 24-25 fall\cse 471\new folder\project2-main\project2-main\rotoscope\debug\rotoscope.tlog\link.secondary.1.tlog
c:\users\demon\onedrive\documents\msu 24-25 fall\cse 471\new folder\project2-main\project2-main\rotoscope\debug\rotoscope.tlog\link.write.1.tlog
c:\users\demon\onedrive\documents\msu 24-25 fall\cse 471\new folder\project2-main\project2-main\rotoscope\debug\rotoscope.tlog\rc.command.1.tlog
c:\users\demon\onedrive\documents\msu 24-25 fall\cse 471\new folder\project2-main\project2-main\rotoscope\debug\rotoscope.tlog\rc.read.1.tlog
c:\users\demon\onedrive\documents\msu 24-25 fall\cse 471\new folder\project2-main\project2-main\rotoscope\debug\rotoscope.tlog\rc.write.1.tlog
